[    3192ms] [ERROR] Failed to load resource: the server responded with a status of 404 () @ https://dooyipsee.com/cards/blog/tarot-for-beginners.png:0
[    3704ms] [ERROR] Failed to load resource: the server responded with a status of 404 () @ https://dooyipsee.com/cards/blog/major-arcana-meanings.png:0
[    4479ms] [ERROR] Failed to load resource: the server responded with a status of 404 () @ https://dooyipsee.com/cards/blog/minor-arcana-swords.png:0
[    4481ms] [ERROR] Failed to load resource: the server responded with a status of 404 () @ https://dooyipsee.com/cards/blog/minor-arcana-pentacles.png:0
[    4482ms] [ERROR] Failed to load resource: the server responded with a status of 404 () @ https://dooyipsee.com/cards/blog/minor-arcana-wands.png:0
[    4482ms] [ERROR] Failed to load resource: the server responded with a status of 404 () @ https://dooyipsee.com/cards/blog/what-is-tarot.png:0
[    4486ms] [ERROR] Failed to load resource: the server responded with a status of 404 () @ https://dooyipsee.com/favicon.ico:0
[    4498ms] [ERROR] Failed to load resource: the server responded with a status of 404 () @ https://dooyipsee.com/cards/blog/minor-arcana-cups.png:0
[    4498ms] [ERROR] Failed to load resource: the server responded with a status of 404 () @ https://dooyipsee.com/cards/blog/three-card-spread.png:0
[    5138ms] [ERROR] Failed to load resource: the server responded with a status of 404 () @ https://dooyipsee.com/cards/blog/celtic-cross-guide.png:0
[    5148ms] [ERROR] Failed to load resource: the server responded with a status of 404 () @ https://dooyipsee.com/cards/blog/ai-and-tarot.png:0
[    5716ms] [ERROR] Failed to load resource: the server responded with a status of 404 () @ https://dooyipsee.com/cards/blog/minor-arcana-cups.png:0
[    5728ms] [ERROR] Failed to load resource: the server responded with a status of 404 () @ https://dooyipsee.com/cards/blog/minor-arcana-swords.png:0
[    5729ms] [ERROR] Failed to load resource: the server responded with a status of 404 () @ https://dooyipsee.com/cards/blog/minor-arcana-wands.png:0
[    5738ms] [ERROR] Failed to load resource: the server responded with a status of 404 () @ https://dooyipsee.com/cards/blog/major-arcana-meanings.png:0
[    6168ms] [ERROR] Failed to load resource: the server responded with a status of 404 () @ https://dooyipsee.com/cards/blog/tarot-for-beginners.png:0
[    6228ms] [ERROR] Failed to load resource: the server responded with a status of 404 () @ https://dooyipsee.com/cards/blog/what-is-tarot.png:0
[   11923ms] [WARNING] The resource https://dooyipsee.com/cards/blog/minor-arcana-cups.png was preloaded using link preload but not used within a few seconds from the window's load event. Please make sure it has an appropriate `as` value and it is preloaded intentionally. @ https://dooyipsee.com/blog:0
[   11924ms] [WARNING] The resource https://dooyipsee.com/cards/blog/major-arcana-meanings.png was preloaded using link preload but not used within a few seconds from the window's load event. Please make sure it has an appropriate `as` value and it is preloaded intentionally. @ https://dooyipsee.com/blog:0
[   11924ms] [WARNING] The resource https://dooyipsee.com/cards/blog/minor-arcana-swords.png was preloaded using link preload but not used within a few seconds from the window's load event. Please make sure it has an appropriate `as` value and it is preloaded intentionally. @ https://dooyipsee.com/blog:0
[   11924ms] [WARNING] The resource https://dooyipsee.com/cards/blog/tarot-for-beginners.png was preloaded using link preload but not used within a few seconds from the window's load event. Please make sure it has an appropriate `as` value and it is preloaded intentionally. @ https://dooyipsee.com/blog:0
[   11924ms] [WARNING] The resource https://dooyipsee.com/cards/blog/minor-arcana-wands.png was preloaded using link preload but not used within a few seconds from the window's load event. Please make sure it has an appropriate `as` value and it is preloaded intentionally. @ https://dooyipsee.com/blog:0
[   11925ms] [WARNING] The resource https://dooyipsee.com/cards/blog/what-is-tarot.png was preloaded using link preload but not used within a few seconds from the window's load event. Please make sure it has an appropriate `as` value and it is preloaded intentionally. @ https://dooyipsee.com/blog:0
